
> dev
> nuxt dev

│
●  Nuxt 4.3.0 (with Nitro 2.13.1, Vite 7.3.1 and Vue 3.5.27)

  ➜ Local:    http://localhost:3000/
  ➜ Network:  use --host to expose

[nuxt:tailwindcss] ℹ Using default Tailwind CSS file
  ➜ DevTools: press Shift + Alt + D in the browser (v3.1.1)

✔ Vite client built in 58ms
✔ Vite server built in 96ms
[nitro] ✔ Nuxt Nitro server built in 1723ms
ℹ Vite server warmed up in 1ms
ℹ Vite client warmed up in 3ms
[db] Connecting to MongoDB (masked): mongodb+sr...
[Scheduler] WebPush initialized
ERROR  [db] Connection error: bad auth : authentication failed

    at Connection.sendCommand (node_modules/mongodb/lib/cmap/connection.js:320:27)
    at process.processTicksAndRejections (node:internal/process/task_queues:105:5)
    at async Connection.command (node_modules/mongodb/lib/cmap/connection.js:344:26)
    at async continueScramConversation (node_modules/mongodb/lib/cmap/auth/scram.js:131:15)
    at async executeScram (node_modules/mongodb/lib/cmap/auth/scram.js:80:5)
    at async ScramSHA1.auth (node_modules/mongodb/lib/cmap/auth/scram.js:39:16)
    at async performInitialHandshake (node_modules/mongodb/lib/cmap/connect.js:104:13)
    at async connect (node_modules/mongodb/lib/cmap/connect.js:24:9)
ERROR  [db] mongoose connection error bad auth : authentication failed

    at Connection.sendCommand (node_modules/mongodb/lib/cmap/connection.js:320:27)
    at process.processTicksAndRejections (node:internal/process/task_queues:105:5)
    at async Connection.command (node_modules/mongodb/lib/cmap/connection.js:344:26)
    at async continueScramConversation (node_modules/mongodb/lib/cmap/auth/scram.js:131:15)
    at async executeScram (node_modules/mongodb/lib/cmap/auth/scram.js:80:5)
    at async ScramSHA1.auth (node_modules/mongodb/lib/cmap/auth/scram.js:39:16)
    at async performInitialHandshake (node_modules/mongodb/lib/cmap/connect.js:104:13)
    at async connect (node_modules/mongodb/lib/cmap/connect.js:24:9)
✅ [Socket.io] Serveur initialisé avec succès
ℹ ✨ new dependencies optimized: @vue/devtools-core, @vue/devtools-kit
ℹ ✨ new dependencies optimized: socket.io-client
ℹ ✨ optimized dependencies changed. reloading
[Socket.io] Client connecté : nlNmFmbpJHa2Vn9cAAAB
[Socket.io] Client connecté : 1-JRjrGd1Ar9wnxiAAAD
ERROR  [Scheduler] Error in job: Operation passages.find() buffering timed out after 10000ms

    at Timeout._onTimeout (node_modules/mongoose/lib/drivers/node-mongodb-native/collection.js:131:25)
    at listOnTimeout (node:internal/timers:588:17)
    at process.processTimers (node:internal/timers:523:7)
[Socket.io] Client connecté : cVXVFVkkJu7LCC-LAAAF
[Socket.io] Client connecté : _8U55xnhLTwhDFr-AAAH
ERROR  [Scheduler] Error in job: Operation passages.find() buffering timed out after 10000ms

    at Timeout._onTimeout (node_modules/mongoose/lib/drivers/node-mongodb-native/collection.js:131:25)
    at listOnTimeout (node:internal/timers:588:17)
    at process.processTimers (node:internal/timers:523:7)
ℹ hmr update /pages/admin/dashboard.vue, /@fs/app/LiveStreamApp/node_modules/tailwindcss/tailwind.css?direct, /assets/css/main.css?direct, /@fs/app/LiveStreamApp/node_modules/tailwindcss/tailwind.css, /assets/css/main.css, /pages/admin/dashboard.vue?macro=true, /@id/virtual:nuxt:%2Fapp%2FLiveStreamApp%2F.nuxt%2Froutes.mjs
ℹ hmr update /@fs/app/LiveStreamApp/node_modules/tailwindcss/tailwind.css, /assets/css/main.css, /@id/virtual:nuxt:%2Fapp%2FLiveStreamApp%2F.nuxt%2Froutes.mjs, /pages/admin/dashboard.vue?macro=true
ℹ hmr update /@fs/app/LiveStreamApp/node_modules/tailwindcss/tailwind.css?direct, /assets/css/main.css?direct, /@fs/app/LiveStreamApp/node_modules/tailwindcss/tailwind.css, /assets/css/main.css, /pages/admin/dashboard.vue
ℹ hmr update /@fs/app/LiveStreamApp/node_modules/tailwindcss/tailwind.css, /assets/css/main.css, /@id/virtual:nuxt:%2Fapp%2FLiveStreamApp%2F.nuxt%2Froutes.mjs
✔ Vite server hmr 15 files in 0.914ms
[Socket.io] Client connecté : Dd71kC57bG73rEdFAAAJ
ERROR  [Scheduler] Error in job: Operation passages.find() buffering timed out after 10000ms

    at Timeout._onTimeout (node_modules/mongoose/lib/drivers/node-mongodb-native/collection.js:131:25)
    at listOnTimeout (node:internal/timers:588:17)
    at process.processTimers (node:internal/timers:523:7)
[Socket.io] Client connecté : sgL1_2xlXnNHHO2IAAAL
ℹ hmr update /@fs/app/LiveStreamApp/node_modules/tailwindcss/tailwind.css?direct, /assets/css/main.css?direct, /@fs/app/LiveStreamApp/node_modules/tailwindcss/tailwind.css, /assets/css/main.css, /pages/admin/dashboard.vue
ℹ hmr update /@fs/app/LiveStreamApp/node_modules/tailwindcss/tailwind.css, /assets/css/main.css, /@id/virtual:nuxt:%2Fapp%2FLiveStreamApp%2F.nuxt%2Froutes.mjs
✔ Vite server hmr 8 files in 0.865ms
ERROR  [Scheduler] Error in job: Operation passages.find() buffering timed out after 10000ms

    at Timeout._onTimeout (node_modules/mongoose/lib/drivers/node-mongodb-native/collection.js:131:25)
    at listOnTimeout (node:internal/timers:588:17)
    at process.processTimers (node:internal/timers:523:7)
ERROR  [schedule] Error: Operation passages.distinct() buffering timed out after 10000ms

    at Timeout._onTimeout (node_modules/mongoose/lib/drivers/node-mongodb-native/collection.js:131:25)
    at listOnTimeout (node:internal/timers:588:17)
    at process.processTimers (node:internal/timers:523:7)
ERROR  [streams] Error fetching streams Operation streams.find() buffering timed out after 10000ms

    at Timeout._onTimeout (node_modules/mongoose/lib/drivers/node-mongodb-native/collection.js:131:25)
    at listOnTimeout (node:internal/timers:588:17)
    at process.processTimers (node:internal/timers:523:7)
ERROR  API Error: 500 { error: true,
  url: 'http://localhost:3000/api/schedule',
  statusCode: 500,
  statusMessage: 'Failed to fetch schedule',
  message: 'Failed to fetch schedule',
  stack:
   [ 'Failed to fetch schedule',
     'at createError (/app/LiveStreamApp/node_modules/h3/dist/index.mjs:71:15)',
     'at Object.handler (/app/LiveStreamApp/server/api/schedule.get.ts:103:0)',
     'at runNextTicks (node:internal/process/task_queues:65:5)',
     'at listOnTimeout (node:internal/timers:549:9)',
     'at process.processTimers (node:internal/timers:523:7)',
     'at async file:///app/LiveStreamApp/node_modules/h3/dist/index.mjs:2011:19)',
     'at async Object.callAsync (/app/LiveStreamApp/node_modules/unctx/dist/index.mjs:72:16)',
     'at async toNodeHandle (/app/LiveStreamApp/node_modules/h3/dist/index.mjs:2303:7)',
     'at async b (/app/LiveStreamApp/node_modules/node-mock-http/dist/index.mjs:1:6876)',
     'at async C (/app/LiveStreamApp/node_modules/node-mock-http/dist/index.mjs:1:7159)' ] }
ERROR  API Error: 500 { error: true,
  url: 'http://localhost:3000/api/streams',
  statusCode: 500,
  statusMessage: 'Failed to fetch streams',
  message: 'Failed to fetch streams',
  stack:
   [ 'Failed to fetch streams',
     'at createError (/app/LiveStreamApp/node_modules/h3/dist/index.mjs:71:15)',
     'at Object.handler (/app/LiveStreamApp/server/api/streams.get.ts:22:0)',
     'at async file:///app/LiveStreamApp/node_modules/h3/dist/index.mjs:2011:19)',
     'at async Object.callAsync (/app/LiveStreamApp/node_modules/unctx/dist/index.mjs:72:16)',
     'at async toNodeHandle (/app/LiveStreamApp/node_modules/h3/dist/index.mjs:2303:7)',
     'at async b (/app/LiveStreamApp/node_modules/node-mock-http/dist/index.mjs:1:6876)',
     'at async C (/app/LiveStreamApp/node_modules/node-mock-http/dist/index.mjs:1:7159)',
     'at async $fetchRaw2 (/app/LiveStreamApp/node_modules/ofetch/dist/shared/ofetch.CWycOUEr.mjs:274:26)',
     'at async $fetch2 (/app/LiveStreamApp/node_modules/ofetch/dist/shared/ofetch.CWycOUEr.mjs:332:15)' ] }
ERROR  [schedule] Error: Operation passages.distinct() buffering timed out after 10000ms

    at Timeout._onTimeout (node_modules/mongoose/lib/drivers/node-mongodb-native/collection.js:131:25)
    at listOnTimeout (node:internal/timers:588:17)
    at process.processTimers (node:internal/timers:523:7)
ERROR  [streams] Error fetching streams Operation streams.find() buffering timed out after 10000ms

    at Timeout._onTimeout (node_modules/mongoose/lib/drivers/node-mongodb-native/collection.js:131:25)
    at listOnTimeout (node:internal/timers:588:17)
    at process.processTimers (node:internal/timers:523:7)
ERROR  API Error: 500 { error: true,
  url: 'http://localhost:3000/api/schedule',
  statusCode: 500,
  statusMessage: 'Failed to fetch schedule',
  message: 'Failed to fetch schedule',
  stack:
   [ 'Failed to fetch schedule',
     'at createError (/app/LiveStreamApp/node_modules/h3/dist/index.mjs:71:15)',
     'at Object.handler (/app/LiveStreamApp/server/api/schedule.get.ts:103:0)',
     'at runNextTicks (node:internal/process/task_queues:65:5)',
     'at listOnTimeout (node:internal/timers:549:9)',
     'at process.processTimers (node:internal/timers:523:7)',
     'at async file:///app/LiveStreamApp/node_modules/h3/dist/index.mjs:2011:19)',
     'at async Object.callAsync (/app/LiveStreamApp/node_modules/unctx/dist/index.mjs:72:16)',
     'at async toNodeHandle (/app/LiveStreamApp/node_modules/h3/dist/index.mjs:2303:7)',
     'at async b (/app/LiveStreamApp/node_modules/node-mock-http/dist/index.mjs:1:6876)',
     'at async C (/app/LiveStreamApp/node_modules/node-mock-http/dist/index.mjs:1:7159)' ] }
ERROR  API Error: 500 { error: true,
  url: 'http://localhost:3000/api/streams',
  statusCode: 500,
  statusMessage: 'Failed to fetch streams',
  message: 'Failed to fetch streams',
  stack:
   [ 'Failed to fetch streams',
     'at createError (/app/LiveStreamApp/node_modules/h3/dist/index.mjs:71:15)',
     'at Object.handler (/app/LiveStreamApp/server/api/streams.get.ts:22:0)',
     'at async file:///app/LiveStreamApp/node_modules/h3/dist/index.mjs:2011:19)',
     'at async Object.callAsync (/app/LiveStreamApp/node_modules/unctx/dist/index.mjs:72:16)',
     'at async toNodeHandle (/app/LiveStreamApp/node_modules/h3/dist/index.mjs:2303:7)',
     'at async b (/app/LiveStreamApp/node_modules/node-mock-http/dist/index.mjs:1:6876)',
     'at async C (/app/LiveStreamApp/node_modules/node-mock-http/dist/index.mjs:1:7159)',
     'at async $fetchRaw2 (/app/LiveStreamApp/node_modules/ofetch/dist/shared/ofetch.CWycOUEr.mjs:274:26)',
     'at async $fetchRaw2 (/app/LiveStreamApp/node_modules/ofetch/dist/shared/ofetch.CWycOUEr.mjs:327:14)',
     'at async $fetch2 (/app/LiveStreamApp/node_modules/ofetch/dist/shared/ofetch.CWycOUEr.mjs:332:15)' ] }
ERROR  Error fetching data: scheduleData.data.map is not a function

    at fetchData (app/pages/admin/dashboard.vue:41:44)
WARN  [nuxt] Failed to stringify dev server logs. Received DevalueError: Cannot stringify arbitrary non-POJOs. You can define your own reducer/reviver for rich types following the instructions in https://nuxt.com/docs/4.x/api/composables/use-nuxt-app#payload.
[Socket.io] Client connecté : 8JZApmdxgK0CDyAVAAAN
ℹ hmr update /pages/admin/dashboard.vue, /@fs/app/LiveStreamApp/node_modules/tailwindcss/tailwind.css?direct, /assets/css/main.css?direct, /@fs/app/LiveStreamApp/node_modules/tailwindcss/tailwind.css, /assets/css/main.css, /pages/admin/dashboard.vue?macro=true, /@id/virtual:nuxt:%2Fapp%2FLiveStreamApp%2F.nuxt%2Froutes.mjs
ℹ hmr update /@fs/app/LiveStreamApp/node_modules/tailwindcss/tailwind.css, /assets/css/main.css, /@id/virtual:nuxt:%2Fapp%2FLiveStreamApp%2F.nuxt%2Froutes.mjs, /pages/admin/dashboard.vue?macro=true
ERROR  [Scheduler] Error in job: Operation passages.find() buffering timed out after 10000ms

    at Timeout._onTimeout (node_modules/mongoose/lib/drivers/node-mongodb-native/collection.js:131:25)
    at listOnTimeout (node:internal/timers:588:17)
    at process.processTimers (node:internal/timers:523:7)
✔ Vite server hmr 13 files in 0.882ms
[Socket.io] Client connecté : i6n_reKXmVdmg8ddAAAP
ℹ hmr update /@fs/app/LiveStreamApp/node_modules/tailwindcss/tailwind.css?direct, /assets/css/main.css?direct, /@fs/app/LiveStreamApp/node_modules/tailwindcss/tailwind.css, /assets/css/main.css, /pages/admin/dashboard.vue, /components/overlays/GroupDetailsModal.vue, /pages/index.vue, /pages/results.vue, /pages/schedule.vue, /pages/stream/index.vue, /pages/favorites.vue, /stores/favorites.ts
ℹ page reload composables/useApiClient.ts
ERROR  [Scheduler] Error in job: Operation passages.find() buffering timed out after 10000ms

    at Timeout._onTimeout (node_modules/mongoose/lib/drivers/node-mongodb-native/collection.js:131:25)
    at listOnTimeout (node:internal/timers:588:17)
    at process.processTimers (node:internal/timers:523:7)
ℹ hmr update /pages/admin/dashboard.vue
ℹ hmr update /@id/virtual:nuxt:%2Fapp%2FLiveStreamApp%2F.nuxt%2Froutes.mjs
ℹ hmr update /pages/admin/dashboard.vue, /@fs/app/LiveStreamApp/node_modules/tailwindcss/tailwind.css?direct, /assets/css/main.css?direct, /@fs/app/LiveStreamApp/node_modules/tailwindcss/tailwind.css, /assets/css/main.css, /pages/admin/dashboard.vue?macro=true, /@id/virtual:nuxt:%2Fapp%2FLiveStreamApp%2F.nuxt%2Froutes.mjs
ℹ hmr update /@fs/app/LiveStreamApp/node_modules/tailwindcss/tailwind.css, /assets/css/main.css, /@id/virtual:nuxt:%2Fapp%2FLiveStreamApp%2F.nuxt%2Froutes.mjs, /pages/admin/dashboard.vue?macro=true
✔ Vite server hmr 25 files in 0.907ms
[Socket.io] Client connecté : G5lGHetLqVFYjLMpAAAR
ERROR  [Scheduler] Error in job: Operation passages.find() buffering timed out after 10000ms

    at Timeout._onTimeout (node_modules/mongoose/lib/drivers/node-mongodb-native/collection.js:131:25)
    at listOnTimeout (node:internal/timers:588:17)
    at process.processTimers (node:internal/timers:523:7)
[Socket.io] Client connecté : 4eY1g2TM-xVCxDwaAAAT
ℹ hmr update /@fs/app/LiveStreamApp/node_modules/tailwindcss/tailwind.css?direct, /assets/css/main.css?direct, /@fs/app/LiveStreamApp/node_modules/tailwindcss/tailwind.css, /assets/css/main.css, /pages/admin/dashboard.vue
ℹ hmr update /@fs/app/LiveStreamApp/node_modules/tailwindcss/tailwind.css, /assets/css/main.css, /@id/virtual:nuxt:%2Fapp%2FLiveStreamApp%2F.nuxt%2Froutes.mjs
ERROR  [Scheduler] Error in job: Operation passages.find() buffering timed out after 10000ms

    at Timeout._onTimeout (node_modules/mongoose/lib/drivers/node-mongodb-native/collection.js:131:25)
    at listOnTimeout (node:internal/timers:588:17)
    at process.processTimers (node:internal/timers:523:7)
ℹ hmr update /pages/admin/dashboard.vue, /@fs/app/LiveStreamApp/node_modules/tailwindcss/tailwind.css?direct, /assets/css/main.css?direct, /@fs/app/LiveStreamApp/node_modules/tailwindcss/tailwind.css, /assets/css/main.css, /pages/admin/dashboard.vue?macro=true, /@id/virtual:nuxt:%2Fapp%2FLiveStreamApp%2F.nuxt%2Froutes.mjs
ℹ hmr update /@fs/app/LiveStreamApp/node_modules/tailwindcss/tailwind.css, /assets/css/main.css, /@id/virtual:nuxt:%2Fapp%2FLiveStreamApp%2F.nuxt%2Froutes.mjs, /pages/admin/dashboard.vue?macro=true
ERROR  [Scheduler] Error in job: Operation passages.find() buffering timed out after 10000ms

    at Timeout._onTimeout (node_modules/mongoose/lib/drivers/node-mongodb-native/collection.js:131:25)
    at listOnTimeout (node:internal/timers:588:17)
    at process.processTimers (node:internal/timers:523:7)
ERROR  [Scheduler] Error in job: Operation passages.find() buffering timed out after 10000ms

    at Timeout._onTimeout (node_modules/mongoose/lib/drivers/node-mongodb-native/collection.js:131:25)
    at listOnTimeout (node:internal/timers:588:17)
    at process.processTimers (node:internal/timers:523:7)
ERROR  [Scheduler] Error in job: Operation passages.find() buffering timed out after 10000ms

    at Timeout._onTimeout (node_modules/mongoose/lib/drivers/node-mongodb-native/collection.js:131:25)
    at listOnTimeout (node:internal/timers:588:17)
    at process.processTimers (node:internal/timers:523:7)
